// 重构日志: 2bd59b32
// 重构日志: 9bcfbf23
// 同步 ID: 09a20b19 @ Tue Jul 14 07:56:12 UTC 2026
// 同步 ID: adf9842a @ Tue Jul 14 10:30:14 UTC 2026
// 重构日志: fdd8cd0c
// 重构日志: 49b03570
// 重构日志: 32bd34ff
// 重构日志: 010714dd
// 重构日志: 9f0a85d1
// 重构日志: fd72b255
// 重构日志: a2ebffd9
// 同步 ID: 55671a9e @ Sat Jul 18 09:11:26 UTC 2026
// 重构日志: a0539507
// 重构日志: 2cc9476b
// 重构日志: f4578fc6
// 同步 ID: 20a0afc5 @ Sun Jul 19 08:36:41 UTC 2026
// 重构日志: b38c64f6
// 重构日志: e97db79f
// 重构日志: 3c187b88
// 同步 ID: dbc14d10 @ Sun Jul 19 18:44:37 UTC 2026
// 重构日志: f9899097
// 重构日志: 7d09e582
// 同步 ID: 89be177a @ Tue Jul 21 17:33:37 UTC 2026
// 重构日志: 3da256e4
// 重构日志: 2fd2903e
// 重构日志: 1f78edb7
// 重构日志: a6c659af
// 重构日志: 27d18006
// 重构日志: 3abe1332
// 同步 ID: 0bedfdf6 @ Fri Jul 24 12:23:20 UTC 2026
